<testsuites id="" name="" tests="1" failures="0" skipped="0" errors="0" time="2.131317">
<testsuite name="API Testing/03_POST_With_Faker.spec.ts" timestamp="2025-05-21T07:18:30.660Z" hostname="Google Chrome" tests="1" failures="0" skipped="0" time="1.292" errors="0">
<testcase name="Create POST API request using Dynamic file" classname="API Testing/03_POST_With_Faker.spec.ts" time="1.292">
<system-out>
<![CDATA[APIResponse: 200 OK
  Server: Cowboy
  Report-To: {"group":"heroku-nel","max_age":3600,"endpoints":[{"url":"https://nel.heroku.com/reports?ts=1747811912&sid=c46efe9b-d3d2-4a0c-8c76-bfafa16c5add&s=0uhXSLe%2B6N%2FdVTfzekc7BHBXy0j%2FxnrxdqWA%2Bab8YE4%3D"}]}
  Reporting-Endpoints: heroku-nel=https://nel.heroku.com/reports?ts=1747811912&sid=c46efe9b-d3d2-4a0c-8c76-bfafa16c5add&s=0uhXSLe%2B6N%2FdVTfzekc7BHBXy0j%2FxnrxdqWA%2Bab8YE4%3D
  Nel: {"report_to":"heroku-nel","max_age":3600,"success_fraction":0.005,"failure_fraction":0.05,"response_headers":["Via"]}
  Connection: keep-alive
  X-Powered-By: Express
  Content-Type: application/json; charset=utf-8
  Content-Length: 205
  Etag: W/"cd-N/ifjtg2kmnQYCXNV9gbi82/8UQ"
  Date: Wed, 21 May 2025 07:18:32 GMT
  Via: 1.1 vegur
POST API Response {
  "bookingid": 3843,
  "booking": {
    "firstname": "Freeda",
    "lastname": "Daugherty",
    "totalprice": 8291,
    "depositpaid": true,
    "bookingdates": {
      "checkin": "2018-01-01",
      "checkout": "2019-01-01"
    },
    "additionalneeds": "Breakfast"
  }
}
]]>
</system-out>
</testcase>
</testsuite>
</testsuites>